----------------------------------------
ActivityId: 00000000-0000-0000-0000-000000000000

Timestamp: 03.11.2024 19:14:50

Message: ‹‹‹Scheduler: Task executed: 'Telerik.Sitefinity.ExternalNotifications.ExternalNotificationsRetrieverTask'. Start time: 03.11.2024 19:14:50. End time: 03.11.2024 19:14:50. Task data: '{}'›››


----------------------------------------
----------------------------------------
ActivityId: 00000000-0000-0000-0000-000000000000

Timestamp: 03.11.2024 19:14:51

Message: ‹‹‹Scheduler: Task executed: 'Telerik.Sitefinity.Authentication.Data.TransientDataCleanupTask'. Start time: 03.11.2024 19:14:51. End time: 03.11.2024 19:14:51. Task data: ''›››


----------------------------------------
----------------------------------------
ActivityId: 00000000-0000-0000-0000-000000000000

Timestamp: 03.11.2024 19:14:51

Message: ‹‹‹Scheduler: Task executed: 'Telerik.Sitefinity.ServiceHooks.Scheduling.ServiceHooksActivitiesCleanupTask'. Start time: 03.11.2024 19:14:51. End time: 03.11.2024 19:14:51. Task data: ''›››


----------------------------------------
----------------------------------------
ActivityId: 00000000-0000-0000-0000-000000000000

Timestamp: 03.11.2024 19:14:52

Message: ‹‹‹Scheduler: Task executed: 'Telerik.Sitefinity.Services.Notifications.Scheduling.NotificationsCleanupTask'. Start time: 03.11.2024 19:14:52. End time: 03.11.2024 19:14:52. Task data: ''›››


----------------------------------------
----------------------------------------
ActivityId: 00000000-0000-0000-0000-000000000000

Timestamp: 03.11.2024 19:14:52

Message: ‹‹‹Scheduler: Task executed: 'Telerik.Sitefinity.Versioning.Cleaner.VersioningCleanerTask'. Start time: 03.11.2024 19:14:52. End time: 03.11.2024 19:14:52. Task data: ''›››


----------------------------------------
----------------------------------------
ActivityId: 00000000-0000-0000-0000-000000000000

Timestamp: 11/3/2024 7:14:53 PM

Message: ‹‹‹Scheduler: Task executed: 'Telerik.Sitefinity.Renderer.UpdateNonPersonalizableWidgetsTask'. Start time: 11/3/2024 7:14:53 PM. End time: 11/3/2024 7:14:53 PM. Task data: ''›››


----------------------------------------
