----------------------------------------
ActivityId: 581f83e3-ace5-47c8-b471-78ae553cac39

Timestamp: 03.11.2024 18:43:02

Message: ‹‹‹Timestamp: 03.11.2024 18:43:02
Message: Telerik.OpenAccess.Exceptions.DataStoreException: Update failed: Telerik.OpenAccess.RT.sql.SQLException: Connection has been closed. ---> System.Threading.ThreadAbortException: Thread was being aborted.
   at SNIReadSyncOverAsync(SNI_ConnWrapper* , SNI_Packet** , Int32 )
   at SNINativeMethodWrapper.SNIReadSyncOverAsync(SafeHandle pConn, IntPtr& packet, Int32 timeout)
   at System.Data.SqlClient.TdsParserStateObject.ReadSniSyncOverAsync()
   at System.Data.SqlClient.TdsParserStateObject.TryReadNetworkPacket()
   at System.Data.SqlClient.TdsParserStateObject.TryPrepareBuffer()
   at System.Data.SqlClient.TdsParserStateObject.TryReadByte(Byte& value)
   at System.Data.SqlClient.TdsParser.TryRun(RunBehavior runBehavior, SqlCommand cmdHandler, SqlDataReader dataStream, BulkCopySimpleResultSet bulkCopyHandler, TdsParserStateObject stateObj, Boolean& dataReady)
   at System.Data.SqlClient.SqlDataReader.TryConsumeMetaData()
   at System.Data.SqlClient.SqlDataReader.get_MetaData()
   at System.Data.SqlClient.SqlCommand.FinishExecuteReader(SqlDataReader ds, RunBehavior runBehavior, String resetOptionsString, Boolean isInternal, Boolean forDescribeParameterEncryption, Boolean shouldCacheForAlwaysEncrypted)
   at System.Data.SqlClient.SqlCommand.RunExecuteReaderTds(CommandBehavior cmdBehavior, RunBehavior runBehavior, Boolean returnStream, Boolean async, Int32 timeout, Task& task, Boolean asyncWrite, Boolean inRetry, SqlDataReader ds, Boolean describeParameterEncryptionRequest)
   at System.Data.SqlClient.SqlCommand.RunExecuteReader(CommandBehavior cmdBehavior, RunBehavior runBehavior, Boolean returnStream, String method, TaskCompletionSource`1 completion, Int32 timeout, Task& task, Boolean& usedCache, Boolean asyncWrite, Boolean inRetry)
   at System.Data.SqlClient.SqlCommand.RunExecuteReader(CommandBehavior cmdBehavior, RunBehavior runBehavior, Boolean returnStream, String method)
   at System.Data.SqlClient.SqlCommand.ExecuteReader(CommandBehavior behavior, String method)
   at OpenAccessRuntime.CommandWrapper.ExecuteReader(CommandBehavior behavior)
   --- End of inner exception stack trace ---
   at Telerik.OpenAccess.RT.Adonet2Generic.Impl.PreparedStatementImp.executeUpdate(Nullable`1 commandTimeout)
   at OpenAccessRuntime.Relational.conn.PooledPreparedStatement.executeUpdate(Nullable`1 commandTimeout)
   at OpenAccessRuntime.Relational.RelationalStorageManager.generateUpdates(OID oid, Int32 index, ClassMetaData cmd, PersistGraph graph, Int32[] fieldNos, Boolean haveNewObjects, CharBuf s, BatchControlInfo batchControl, Boolean previousInserts)
Row: GenericOID@8f7b961d XmlConfigItem id=0a3a1dd0-74ce-4d50-8bd5-062e60d91756
UPDATE [sf_xml_config_items] SET [dta] = ?, [last_modified] = ? WHERE [id] = ?
(set event logging to all to see parameter values) Telerik.OpenAccess.RT.sql.SQLException: Connection has been closed. ---> System.Threading.ThreadAbortException: Thread was being aborted.
   at SNIReadSyncOverAsync(SNI_ConnWrapper* , SNI_Packet** , Int32 )
   at SNINativeMethodWrapper.SNIReadSyncOverAsync(SafeHandle pConn, IntPtr& packet, Int32 timeout)
   at System.Data.SqlClient.TdsParserStateObject.ReadSniSyncOverAsync()
   at System.Data.SqlClient.TdsParserStateObject.TryReadNetworkPacket()
   at System.Data.SqlClient.TdsParserStateObject.TryPrepareBuffer()
   at System.Data.SqlClient.TdsParserStateObject.TryReadByte(Byte& value)
   at System.Data.SqlClient.TdsParser.TryRun(RunBehavior runBehavior, SqlCommand cmdHandler, SqlDataReader dataStream, BulkCopySimpleResultSet bulkCopyHandler, TdsParserStateObject stateObj, Boolean& dataReady)
   at System.Data.SqlClient.SqlDataReader.TryConsumeMetaData()
   at System.Data.SqlClient.SqlDataReader.get_MetaData()
   at System.Data.SqlClient.SqlCommand.FinishExecuteReader(SqlDataReader ds, RunBehavior runBehavior, String resetOptionsString, Boolean isInternal, Boolean forDescribeParameterEncryption, Boolean shouldCacheForAlwaysEncrypted)
   at System.Data.SqlClient.SqlCommand.RunExecuteReaderTds(CommandBehavior cmdBehavior, RunBehavior runBehavior, Boolean returnStream, Boolean async, Int32 timeout, Task& task, Boolean asyncWrite, Boolean inRetry, SqlDataReader ds, Boolean describeParameterEncryptionRequest)
   at System.Data.SqlClient.SqlCommand.RunExecuteReader(CommandBehavior cmdBehavior, RunBehavior runBehavior, Boolean returnStream, String method, TaskCompletionSource`1 completion, Int32 timeout, Task& task, Boolean& usedCache, Boolean asyncWrite, Boolean inRetry)
   at System.Data.SqlClient.SqlCommand.RunExecuteReader(CommandBehavior cmdBehavior, RunBehavior runBehavior, Boolean returnStream, String method)
   at System.Data.SqlClient.SqlCommand.ExecuteReader(CommandBehavior behavior, String method)
   at OpenAccessRuntime.CommandWrapper.ExecuteReader(CommandBehavior behavior)
   --- End of inner exception stack trace ---
   at Telerik.OpenAccess.RT.Adonet2Generic.Impl.PreparedStatementImp.executeUpdate(Nullable`1 commandTimeout)
   at OpenAccessRuntime.Relational.conn.PooledPreparedStatement.executeUpdate(Nullable`1 commandTimeout)
   at OpenAccessRuntime.Relational.RelationalStorageManager.generateUpdates(OID oid, Int32 index, ClassMetaData cmd, PersistGraph graph, Int32[] fieldNos, Boolean haveNewObjects, CharBuf s, BatchControlInfo batchControl, Boolean previousInserts) ---> Telerik.OpenAccess.RT.sql.SQLException: Connection has been closed. ---> System.Threading.ThreadAbortException: Thread was being aborted.
   at SNIReadSyncOverAsync(SNI_ConnWrapper* , SNI_Packet** , Int32 )
   at SNINativeMethodWrapper.SNIReadSyncOverAsync(SafeHandle pConn, IntPtr& packet, Int32 timeout)
   at System.Data.SqlClient.TdsParserStateObject.ReadSniSyncOverAsync()
   at System.Data.SqlClient.TdsParserStateObject.TryReadNetworkPacket()
   at System.Data.SqlClient.TdsParserStateObject.TryPrepareBuffer()
   at System.Data.SqlClient.TdsParserStateObject.TryReadByte(Byte& value)
   at System.Data.SqlClient.TdsParser.TryRun(RunBehavior runBehavior, SqlCommand cmdHandler, SqlDataReader dataStream, BulkCopySimpleResultSet bulkCopyHandler, TdsParserStateObject stateObj, Boolean& dataReady)
   at System.Data.SqlClient.SqlDataReader.TryConsumeMetaData()
   at System.Data.SqlClient.SqlDataReader.get_MetaData()
   at System.Data.SqlClient.SqlCommand.FinishExecuteReader(SqlDataReader ds, RunBehavior runBehavior, String resetOptionsString, Boolean isInternal, Boolean forDescribeParameterEncryption, Boolean shouldCacheForAlwaysEncrypted)
   at System.Data.SqlClient.SqlCommand.RunExecuteReaderTds(CommandBehavior cmdBehavior, RunBehavior runBehavior, Boolean returnStream, Boolean async, Int32 timeout, Task& task, Boolean asyncWrite, Boolean inRetry, SqlDataReader ds, Boolean describeParameterEncryptionRequest)
   at System.Data.SqlClient.SqlCommand.RunExecuteReader(CommandBehavior cmdBehavior, RunBehavior runBehavior, Boolean returnStream, String method, TaskCompletionSource`1 completion, Int32 timeout, Task& task, Boolean& usedCache, Boolean asyncWrite, Boolean inRetry)
   at System.Data.SqlClient.SqlCommand.RunExecuteReader(CommandBehavior cmdBehavior, RunBehavior runBehavior, Boolean returnStream, String method)
   at System.Data.SqlClient.SqlCommand.ExecuteReader(CommandBehavior behavior, String method)
   at OpenAccessRuntime.CommandWrapper.ExecuteReader(CommandBehavior behavior)
   --- End of inner exception stack trace ---
   at Telerik.OpenAccess.RT.Adonet2Generic.Impl.PreparedStatementImp.executeUpdate(Nullable`1 commandTimeout)
   at OpenAccessRuntime.Relational.conn.PooledPreparedStatement.executeUpdate(Nullable`1 commandTimeout)
   at OpenAccessRuntime.Relational.RelationalStorageManager.generateUpdates(OID oid, Int32 index, ClassMetaData cmd, PersistGraph graph, Int32[] fieldNos, Boolean haveNewObjects, CharBuf s, BatchControlInfo batchControl, Boolean previousInserts)
   --- End of inner exception stack trace ---
   at Telerik.OpenAccess.SPI.Backends.ThrowException(Exception e)
   at OpenAccessRuntime.ExceptionWrapper.Throw()
   at OpenAccessRuntime.DataObjects.OpenAccessPersistenceManagerImp.handleException(Exception x, Boolean needsRollback)
   at OpenAccessRuntime.DataObjects.OpenAccessPersistenceManagerImp.internalCommit(Boolean phase)
   at OpenAccessRuntime.DataObjects.OpenAccessPersistenceManagerImp.commit()
   at Telerik.Sitefinity.Configuration.Data.OpenAccessXmlConfigStorageProvider.SaveElement(IXmlConfigItem configElement)
   at Telerik.Sitefinity.Configuration.Data.XmlConfigProvider.SaveElement(ConfigElement config, Func`2 getXmlElement, SaveOptions options, String relativePath)
   at Telerik.Sitefinity.Configuration.Data.XmlConfigProvider.SaveElement(ConfigElement config, ConfigElement defaultConfig, SaveOptions options)
   at Telerik.Sitefinity.Configuration.Data.XmlConfigProvider.LoadElementFromDatabase(ConfigSection section, LoadContext loadContext)
   at Telerik.Sitefinity.Configuration.Data.XmlConfigProvider.TryLoadSectionFromDatabase(ConfigSection section, Boolean initial, LoadContext loadContext)
   at Telerik.Sitefinity.Configuration.Data.XmlConfigProvider.EnsureNormalMode(ConfigSection section)
   at Telerik.Sitefinity.Configuration.Config.GetSectionInternal(Type sectionType, Boolean safeMode, String sectionName)
   at Telerik.Sitefinity.Configuration.Config.GetSectionPrivate(Type sectionType, Boolean safeMode, String sectionName)
   at Telerik.Sitefinity.Configuration.Config.GetSectionPrivate[TSection](Boolean safeMode)
   at Telerik.Sitefinity.Data.CacheDependency.get_Handlers()
   at Telerik.Sitefinity.Data.CacheDependency.Subscribe(Type trackedType, String key, ChangedCallback callback)
   at Telerik.Sitefinity.Data.DataItemCacheDependency..ctor(Type trackedItemType, String key)
   at Telerik.Sitefinity.Configuration.Data.OpenAccessXmlConfigStorageProvider.TryGetConfigItem(String path, TempXmlConfigItem& item)
   at Telerik.Sitefinity.Configuration.Data.OpenAccessXmlConfigStorageProvider.GetElement(String path)
   at Telerik.Sitefinity.Configuration.Data.XmlConfigProvider.GetElementDatabaseReader(String path)
   at Telerik.Sitefinity.Configuration.Data.XmlConfigProvider.LoadElementFromDatabase(ConfigSection section, LoadContext loadContext)
   at Telerik.Sitefinity.Configuration.Data.XmlConfigProvider.TryLoadSectionFromDatabase(ConfigSection section, Boolean initial, LoadContext loadContext)
   at Telerik.Sitefinity.Configuration.Data.XmlConfigProvider.LoadSection(ConfigSection section)
   at Telerik.Sitefinity.Configuration.ConfigSection.Initialize(ConfigProvider provider)
   at Telerik.Sitefinity.Configuration.Config.GetSectionInternal(Type sectionType, Boolean safeMode, String sectionName)
   at Telerik.Sitefinity.Configuration.Config.GetSectionPrivate(Type sectionType, Boolean safeMode, String sectionName)
   at Telerik.Sitefinity.Configuration.Config.GetSectionPrivate[TSection](Boolean safeMode)
   at Telerik.Sitefinity.Abstractions.Bootstrapper.RegisterRoutes()
   at Telerik.Sitefinity.Abstractions.Bootstrapper.Bootstrap()
   at Telerik.Sitefinity.Web.SitefinityHttpModule.<>c.<BootstrapAsync>b__4_0(Object ctx)
Category: 
Priority: -1
EventId: 0
Severity: Critical
Title:
Machine: BRIMITPL-IMO
App Domain: /LM/W3SVC/2/ROOT-2-133751328854787583
ProcessId: 27220
Process Name: C:\Program Files\IIS Express\iisexpress.exe
Thread Name: 
Win32 ThreadId:17588
Extended Properties: ›››

Category: ErrorLog

Priority: -1

EventId: 1

Severity: Information

Title:

Machine: BRIMITPL-IMO

App Domain: /LM/W3SVC/2/ROOT-2-133751328854787583

ProcessId: 27220

Process Name: C:\Program Files\IIS Express\iisexpress.exe

Thread Name: 

Win32 ThreadId:17588

Extended Properties: 
----------------------------------------
----------------------------------------
ActivityId: d3e02955-cb36-4165-acce-bf7dd38dcdb6

Timestamp: 11/3/2024 7:37:01 PM

Message: ‹‹‹Automatic template generation failed. To disable the automatic generation, set 'sf:featherFileSystemWatcherBehaviour' to false in the AppSettings in web.config.›››

Category: ErrorLog

Priority: -1

EventId: 1

Severity: Information

Title:

Machine: BRIMITPL-IMO

App Domain: /LM/W3SVC/2/ROOT-6-133751359352264540

ProcessId: 27220

Process Name: C:\Program Files\IIS Express\iisexpress.exe

Thread Name: 

Win32 ThreadId:26256

Extended Properties: 
----------------------------------------
----------------------------------------
ActivityId: d3e02955-cb36-4165-acce-bf7dd38dcdb6

Timestamp: 11/3/2024 7:37:03 PM

Message: ‹‹‹Automatic template generation failed. To disable the automatic generation, set 'sf:featherFileSystemWatcherBehaviour' to false in the AppSettings in web.config.›››

Category: ErrorLog

Priority: -1

EventId: 1

Severity: Information

Title:

Machine: BRIMITPL-IMO

App Domain: /LM/W3SVC/2/ROOT-6-133751359352264540

ProcessId: 27220

Process Name: C:\Program Files\IIS Express\iisexpress.exe

Thread Name: 

Win32 ThreadId:26256

Extended Properties: 
----------------------------------------
